2022-02-18 21:53:15.282  INFO 10824 --- [main] c.y.b.BaseLearningApplication            : Starting BaseLearningApplication using Java 1.8.0_202 on A014095-NC03 with PID 10824 (E:\project_java\SpringBootBase\base_learning\target\classes started by zhangyang03 in E:\project_java\SpringBootBase)
2022-02-18 21:53:15.288  INFO 10824 --- [main] c.y.b.BaseLearningApplication            : No active profile set, falling back to default profiles: default
2022-02-18 21:53:15.418  WARN 10824 --- [main] o.s.b.c.config.ConfigDataEnvironment     : Property 'spring.profiles' imported from location 'class path resource [application.yml]' is invalid and should be replaced with 'spring.config.activate.on-profile' [origin: class path resource [application.yml] - 29:13]
2022-02-18 21:53:15.419  WARN 10824 --- [main] o.s.b.c.config.ConfigDataEnvironment     : Property 'spring.profiles' imported from location 'class path resource [application.yml]' is invalid and should be replaced with 'spring.config.activate.on-profile' [origin: class path resource [application.yml] - 22:13]
2022-02-18 21:53:17.638  INFO 10824 --- [main] o.s.b.w.embedded.tomcat.TomcatWebServer  : Tomcat initialized with port(s): 8083 (http)
2022-02-18 21:53:17.658  INFO 10824 --- [main] o.apache.catalina.core.StandardService   : Starting service [Tomcat]
2022-02-18 21:53:17.659  INFO 10824 --- [main] org.apache.catalina.core.StandardEngine  : Starting Servlet engine: [Apache Tomcat/9.0.56]
2022-02-18 21:53:17.970  INFO 10824 --- [main] o.a.c.c.C.[Tomcat].[localhost].[/]       : Initializing Spring embedded WebApplicationContext
2022-02-18 21:53:17.971  INFO 10824 --- [main] w.s.c.ServletWebServerApplicationContext : Root WebApplicationContext: initialization completed in 2549 ms
2022-02-18 21:53:19.068  INFO 10824 --- [main] o.s.b.w.embedded.tomcat.TomcatWebServer  : Tomcat started on port(s): 8083 (http) with context path ''
2022-02-18 21:53:19.083  INFO 10824 --- [main] c.y.b.BaseLearningApplication            : Started BaseLearningApplication in 4.898 seconds (JVM running for 8.563)
2022-02-18 21:54:47.806  INFO 10824 --- [SpringApplicationShutdownHook] com.alibaba.druid.pool.DruidDataSource   : {dataSource-0} closing ...
2022-02-18 21:55:01.150  INFO 17180 --- [main] c.y.b.BaseLearningApplication            : Starting BaseLearningApplication using Java 1.8.0_202 on A014095-NC03 with PID 17180 (E:\project_java\SpringBootBase\base_learning\target\classes started by zhangyang03 in E:\project_java\SpringBootBase)
2022-02-18 21:55:01.156  INFO 17180 --- [main] c.y.b.BaseLearningApplication            : No active profile set, falling back to default profiles: default
2022-02-18 21:55:01.291  WARN 17180 --- [main] o.s.b.c.config.ConfigDataEnvironment     : Property 'spring.profiles' imported from location 'class path resource [application.yml]' is invalid and should be replaced with 'spring.config.activate.on-profile' [origin: class path resource [application.yml] - 29:13]
2022-02-18 21:55:01.291  WARN 17180 --- [main] o.s.b.c.config.ConfigDataEnvironment     : Property 'spring.profiles' imported from location 'class path resource [application.yml]' is invalid and should be replaced with 'spring.config.activate.on-profile' [origin: class path resource [application.yml] - 22:13]
2022-02-18 21:55:03.327  INFO 17180 --- [main] o.s.b.w.embedded.tomcat.TomcatWebServer  : Tomcat initialized with port(s): 8084 (http)
2022-02-18 21:55:03.344  INFO 17180 --- [main] o.apache.catalina.core.StandardService   : Starting service [Tomcat]
2022-02-18 21:55:03.345  INFO 17180 --- [main] org.apache.catalina.core.StandardEngine  : Starting Servlet engine: [Apache Tomcat/9.0.56]
2022-02-18 21:55:03.549  INFO 17180 --- [main] o.a.c.c.C.[Tomcat].[localhost].[/]       : Initializing Spring embedded WebApplicationContext
2022-02-18 21:55:03.550  INFO 17180 --- [main] w.s.c.ServletWebServerApplicationContext : Root WebApplicationContext: initialization completed in 2256 ms
2022-02-18 21:55:04.623  INFO 17180 --- [main] o.s.b.w.embedded.tomcat.TomcatWebServer  : Tomcat started on port(s): 8084 (http) with context path ''
2022-02-18 21:55:04.638  INFO 17180 --- [main] c.y.b.BaseLearningApplication            : Started BaseLearningApplication in 4.653 seconds (JVM running for 6.897)
2022-02-18 22:00:35.417  INFO 17180 --- [SpringApplicationShutdownHook] com.alibaba.druid.pool.DruidDataSource   : {dataSource-0} closing ...
2022-02-18 22:00:45.519  INFO 24108 --- [main] c.y.b.BaseLearningApplication            : Starting BaseLearningApplication using Java 1.8.0_202 on A014095-NC03 with PID 24108 (E:\project_java\SpringBootBase\base_learning\target\classes started by zhangyang03 in E:\project_java\SpringBootBase)
2022-02-18 22:00:45.525  INFO 24108 --- [main] c.y.b.BaseLearningApplication            : No active profile set, falling back to default profiles: default
2022-02-18 22:00:45.666  WARN 24108 --- [main] o.s.b.c.config.ConfigDataEnvironment     : Property 'spring.profiles' imported from location 'class path resource [application.yml]' is invalid and should be replaced with 'spring.config.activate.on-profile' [origin: class path resource [application.yml] - 29:13]
2022-02-18 22:00:45.667  WARN 24108 --- [main] o.s.b.c.config.ConfigDataEnvironment     : Property 'spring.profiles' imported from location 'class path resource [application.yml]' is invalid and should be replaced with 'spring.config.activate.on-profile' [origin: class path resource [application.yml] - 22:13]
2022-02-18 22:00:47.842  INFO 24108 --- [main] o.s.b.w.embedded.tomcat.TomcatWebServer  : Tomcat initialized with port(s): 8084 (http)
2022-02-18 22:00:47.859  INFO 24108 --- [main] o.apache.catalina.core.StandardService   : Starting service [Tomcat]
2022-02-18 22:00:47.859  INFO 24108 --- [main] org.apache.catalina.core.StandardEngine  : Starting Servlet engine: [Apache Tomcat/9.0.56]
2022-02-18 22:00:48.068  INFO 24108 --- [main] o.a.c.c.C.[Tomcat].[localhost].[/]       : Initializing Spring embedded WebApplicationContext
2022-02-18 22:00:48.068  INFO 24108 --- [main] w.s.c.ServletWebServerApplicationContext : Root WebApplicationContext: initialization completed in 2399 ms
2022-02-18 22:00:49.108  INFO 24108 --- [main] o.s.b.w.embedded.tomcat.TomcatWebServer  : Tomcat started on port(s): 8084 (http) with context path ''
2022-02-18 22:00:49.141  INFO 24108 --- [main] c.y.b.BaseLearningApplication            : Started BaseLearningApplication in 4.804 seconds (JVM running for 6.898)
2022-02-18 22:01:08.570  INFO 24108 --- [SpringApplicationShutdownHook] com.alibaba.druid.pool.DruidDataSource   : {dataSource-0} closing ...
